<?xml version="1.0" encoding="UTF-8"?>
<!-- Generated by org.testng.reporters.JUnitXMLReporter -->
<testsuite hostname="DESKTOP-RDHN4KM" ignored="0" name="Default test" tests="4" failures="0" timestamp="18 May 2019 23:59:28 GMT" time="3.415" errors="0">
  <testcase name="driverTestWithPojo" time="2.105" classname="APIReview.Pojo_JsonPathDemo_Drivers"/>
  <testcase name="driversTestWithJsonPath" time="0.884" classname="APIReview.Pojo_JsonPathDemo_Drivers"/>
  <testcase name="personTest" time="0.367" classname="APIReview.Pojo_JsonPathDemo_Drivers"/>
  <testcase name="testString" time="0.002" classname="APIReview.Pojo_JsonPathDemo_Drivers"/>
</testsuite> <!-- Default test -->
